<?xml version="1.0" encoding="UTF-8"?>
<coverage generated="1696839542409" clover="3.2.0">
  <project timestamp="1696839542409" name="All files">
    <metrics statements="11" coveredstatements="11" conditionals="3" coveredconditionals="3" methods="4" coveredmethods="4" elements="18" coveredelements="18" complexity="0" loc="11" ncloc="11" packages="1" files="1" classes="1"/>
    <file name="todo-list.ts" path="C:\Users\roche\Desktop\PROGRAMACION\1. ITACADEMY\todo-list\todo-list.ts">
      <metrics statements="11" coveredstatements="11" conditionals="3" coveredconditionals="3" methods="4" coveredmethods="4"/>
      <line num="1" count="1" type="stmt"/>
      <line num="16" count="1" type="stmt"/>
      <line num="17" count="3" type="cond" truecount="1" falsecount="0"/>
      <line num="19" count="4" type="stmt"/>
      <line num="21" count="2" type="cond" truecount="1" falsecount="0"/>
      <line num="22" count="1" type="stmt"/>
      <line num="25" count="1" type="stmt"/>
      <line num="31" count="1" type="stmt"/>
      <line num="32" count="1" type="stmt"/>
      <line num="34" count="1" type="cond" truecount="1" falsecount="0"/>
      <line num="35" count="1" type="stmt"/>
    </file>
  </project>
</coverage>
