{"C:\\Users\\roche\\Desktop\\PROGRAMACION\\1. ITACADEMY\\todo-list\\src\\todo-list.ts": {"path":"C:\\Users\\roche\\Desktop\\PROGRAMACION\\1. ITACADEMY\\todo-list\\src\\todo-list.ts","statementMap":{"0":{"start":{"line":6,"column":13},"end":{"line":19,"column":2}},"1":{"start":{"line":21,"column":24},"end":{"line":33,"column":1}},"2":{"start":{"line":22,"column":2},"end":{"line":22,"column":53}},"3":{"start":{"line":22,"column":22},"end":{"line":22,"column":53}},"4":{"start":{"line":24,"column":21},"end":{"line":24,"column":67}},"5":{"start":{"line":24,"column":45},"end":{"line":24,"column":66}},"6":{"start":{"line":26,"column":2},"end":{"line":26,"column":57}},"7":{"start":{"line":26,"column":18},"end":{"line":26,"column":57}},"8":{"start":{"line":28,"column":2},"end":{"line":31,"column":5}},"9":{"start":{"line":21,"column":13},"end":{"line":21,"column":24}},"10":{"start":{"line":35,"column":27},"end":{"line":43,"column":1}},"11":{"start":{"line":36,"column":20},"end":{"line":37,"column":null}},"12":{"start":{"line":37,"column":14},"end":{"line":37,"column":63}},"13":{"start":{"line":40,"column":2},"end":{"line":42,"column":null}},"14":{"start":{"line":41,"column":4},"end":{"line":41,"column":34}},"15":{"start":{"line":35,"column":13},"end":{"line":35,"column":27}},"16":{"start":{"line":45,"column":26},"end":{"line":59,"column":1}},"17":{"start":{"line":51,"column":23},"end":{"line":51,"column":36}},"18":{"start":{"line":53,"column":2},"end":{"line":56,"column":null}},"19":{"start":{"line":53,"column":15},"end":{"line":53,"column":16}},"20":{"start":{"line":54,"column":4},"end":{"line":55,"column":44}},"21":{"start":{"line":55,"column":6},"end":{"line":55,"column":44}},"22":{"start":{"line":58,"column":2},"end":{"line":58,"column":22}},"23":{"start":{"line":45,"column":13},"end":{"line":45,"column":26}}},"fnMap":{"0":{"name":"(anonymous_0)","decl":{"start":{"line":21,"column":24},"end":{"line":21,"column":25}},"loc":{"start":{"line":21,"column":50},"end":{"line":33,"column":1}}},"1":{"name":"(anonymous_1)","decl":{"start":{"line":24,"column":35},"end":{"line":24,"column":36}},"loc":{"start":{"line":24,"column":45},"end":{"line":24,"column":66}}},"2":{"name":"(anonymous_2)","decl":{"start":{"line":35,"column":27},"end":{"line":35,"column":28}},"loc":{"start":{"line":35,"column":54},"end":{"line":43,"column":1}}},"3":{"name":"(anonymous_3)","decl":{"start":{"line":37,"column":4},"end":{"line":37,"column":5}},"loc":{"start":{"line":37,"column":14},"end":{"line":37,"column":63}}},"4":{"name":"(anonymous_4)","decl":{"start":{"line":45,"column":26},"end":{"line":45,"column":null}},"loc":{"start":{"line":49,"column":12},"end":{"line":59,"column":1}}}},"branchMap":{"0":{"loc":{"start":{"line":22,"column":2},"end":{"line":22,"column":53}},"type":"if","locations":[{"start":{"line":22,"column":2},"end":{"line":22,"column":53}}]},"1":{"loc":{"start":{"line":26,"column":2},"end":{"line":26,"column":57}},"type":"if","locations":[{"start":{"line":26,"column":2},"end":{"line":26,"column":57}}]},"2":{"loc":{"start":{"line":37,"column":14},"end":{"line":37,"column":63}},"type":"binary-expr","locations":[{"start":{"line":37,"column":14},"end":{"line":37,"column":36}},{"start":{"line":37,"column":40},"end":{"line":37,"column":63}}]},"3":{"loc":{"start":{"line":40,"column":2},"end":{"line":42,"column":null}},"type":"if","locations":[{"start":{"line":40,"column":2},"end":{"line":42,"column":null}}]},"4":{"loc":{"start":{"line":54,"column":4},"end":{"line":55,"column":44}},"type":"if","locations":[{"start":{"line":54,"column":4},"end":{"line":55,"column":44}}]},"5":{"loc":{"start":{"line":54,"column":8},"end":{"line":54,"column":79}},"type":"binary-expr","locations":[{"start":{"line":54,"column":8},"end":{"line":54,"column":41}},{"start":{"line":54,"column":45},"end":{"line":54,"column":79}}]}},"s":{"0":1,"1":1,"2":3,"3":1,"4":2,"5":4,"6":2,"7":1,"8":1,"9":1,"10":1,"11":1,"12":1,"13":1,"14":1,"15":1,"16":1,"17":2,"18":2,"19":2,"20":6,"21":0,"22":2,"23":1},"f":{"0":3,"1":4,"2":1,"3":1,"4":2},"b":{"0":[1],"1":[1],"2":[1,1],"3":[1],"4":[0],"5":[6,1]}}
}
