{"C:\\Users\\roche\\Desktop\\PROGRAMACION\\1. ITACADEMY\\todo-list\\src\\todo-list.ts": {"path":"C:\\Users\\roche\\Desktop\\PROGRAMACION\\1. ITACADEMY\\todo-list\\src\\todo-list.ts","statementMap":{"0":{"start":{"line":13,"column":13},"end":{"line":28,"column":2}},"1":{"start":{"line":30,"column":24},"end":{"line":40,"column":1}},"2":{"start":{"line":31,"column":21},"end":{"line":31,"column":67}},"3":{"start":{"line":31,"column":45},"end":{"line":31,"column":66}},"4":{"start":{"line":32,"column":2},"end":{"line":32,"column":53}},"5":{"start":{"line":32,"column":22},"end":{"line":32,"column":53}},"6":{"start":{"line":34,"column":2},"end":{"line":34,"column":57}},"7":{"start":{"line":34,"column":18},"end":{"line":34,"column":57}},"8":{"start":{"line":36,"column":2},"end":{"line":39,"column":5}},"9":{"start":{"line":30,"column":13},"end":{"line":30,"column":24}},"10":{"start":{"line":42,"column":27},"end":{"line":49,"column":1}},"11":{"start":{"line":43,"column":20},"end":{"line":44,"column":null}},"12":{"start":{"line":44,"column":14},"end":{"line":44,"column":63}},"13":{"start":{"line":46,"column":2},"end":{"line":48,"column":null}},"14":{"start":{"line":47,"column":4},"end":{"line":47,"column":34}},"15":{"start":{"line":42,"column":13},"end":{"line":42,"column":27}}},"fnMap":{"0":{"name":"(anonymous_0)","decl":{"start":{"line":30,"column":24},"end":{"line":30,"column":25}},"loc":{"start":{"line":30,"column":50},"end":{"line":40,"column":1}}},"1":{"name":"(anonymous_1)","decl":{"start":{"line":31,"column":35},"end":{"line":31,"column":36}},"loc":{"start":{"line":31,"column":45},"end":{"line":31,"column":66}}},"2":{"name":"(anonymous_2)","decl":{"start":{"line":42,"column":27},"end":{"line":42,"column":28}},"loc":{"start":{"line":42,"column":54},"end":{"line":49,"column":1}}},"3":{"name":"(anonymous_3)","decl":{"start":{"line":44,"column":4},"end":{"line":44,"column":5}},"loc":{"start":{"line":44,"column":14},"end":{"line":44,"column":63}}}},"branchMap":{"0":{"loc":{"start":{"line":32,"column":2},"end":{"line":32,"column":53}},"type":"if","locations":[{"start":{"line":32,"column":2},"end":{"line":32,"column":53}}]},"1":{"loc":{"start":{"line":34,"column":2},"end":{"line":34,"column":57}},"type":"if","locations":[{"start":{"line":34,"column":2},"end":{"line":34,"column":57}}]},"2":{"loc":{"start":{"line":44,"column":14},"end":{"line":44,"column":63}},"type":"binary-expr","locations":[{"start":{"line":44,"column":14},"end":{"line":44,"column":36}},{"start":{"line":44,"column":40},"end":{"line":44,"column":63}}]},"3":{"loc":{"start":{"line":46,"column":2},"end":{"line":48,"column":null}},"type":"if","locations":[{"start":{"line":46,"column":2},"end":{"line":48,"column":null}}]}},"s":{"0":1,"1":1,"2":3,"3":7,"4":3,"5":1,"6":2,"7":1,"8":1,"9":1,"10":1,"11":1,"12":1,"13":1,"14":1,"15":1},"f":{"0":3,"1":7,"2":1,"3":1},"b":{"0":[1],"1":[1],"2":[1,1],"3":[1]}}
}
