TN:
SF:todo-list.ts
FN:16,(anonymous_0)
FN:19,(anonymous_1)
FN:29,(anonymous_2)
FN:31,(anonymous_3)
FN:39,(anonymous_4)
FN:40,(anonymous_5)
FNF:6
FNH:6
FNDA:3,(anonymous_0)
FNDA:4,(anonymous_1)
FNDA:1,(anonymous_2)
FNDA:1,(anonymous_3)
FNDA:3,(anonymous_4)
FNDA:9,(anonymous_5)
DA:1,1
DA:16,1
DA:17,3
DA:19,4
DA:21,2
DA:23,1
DA:29,1
DA:30,1
DA:31,1
DA:34,1
DA:35,1
DA:39,1
DA:40,9
DA:43,3
DA:46,0
DA:49,0
LF:16
LH:14
BRDA:17,0,0,1
BRDA:21,1,0,1
BRDA:31,2,0,1
BRDA:31,2,1,1
BRDA:34,3,0,1
BRDA:43,4,0,3
BRDA:46,5,0,0
BRF:7
BRH:6
end_of_record
