TN:
SF:src\todo-list.ts
FN:27,(anonymous_0)
FN:28,(anonymous_1)
FN:31,(anonymous_2)
FN:32,(anonymous_3)
FN:43,(anonymous_4)
FN:45,(anonymous_5)
FN:52,(anonymous_6)
FN:53,(anonymous_7)
FNF:8
FNH:8
FNDA:1,(anonymous_0)
FNDA:3,(anonymous_1)
FNDA:3,(anonymous_2)
FNDA:7,(anonymous_3)
FNDA:1,(anonymous_4)
FNDA:1,(anonymous_5)
FNDA:2,(anonymous_6)
FNDA:4,(anonymous_7)
DA:13,1
DA:27,1
DA:28,3
DA:31,1
DA:32,7
DA:33,3
DA:35,2
DA:37,1
DA:43,1
DA:44,1
DA:45,1
DA:47,1
DA:48,1
DA:52,1
DA:53,4
DA:55,2
DA:56,1
DA:58,1
LF:18
LH:18
BRDA:33,0,0,1
BRDA:35,1,0,1
BRDA:45,2,0,1
BRDA:45,2,1,1
BRDA:47,3,0,1
BRDA:55,4,0,1
BRF:6
BRH:6
end_of_record
